
=== BBC ===

Testing article: https://www.bbc.com/news/articles/c79q8g7q283o
Final URL: https://www.bbc.com/news/articles/c79q8g7q283o
newspaper3k content length: 6669
bs4 content length: 7809

Testing article: https://www.bbc.com/news/articles/c70rreer004o
Final URL: https://www.bbc.com/news/articles/c70rreer004o
newspaper3k content length: 1466
bs4 content length: 5118

=== AP ===
RSS fetch error: Cannot connect to host feeds.apnews.com:443 ssl:False [nodename nor servname provided, or not known]

=== NPR ===

Testing article: https://www.npr.org/2025/07/01/1255040246/why-economists-say-we-should-have-more-babies
Final URL: https://www.npr.org/2025/07/01/1255040246/why-economists-say-we-should-have-more-babies
newspaper3k content length: 970
bs4 content length: 2651

Testing article: https://www.npr.org/2025/06/30/nx-s1-5451701/ev-tax-credit-megabill-senate
Final URL: https://www.npr.org/2025/06/30/nx-s1-5451701/ev-tax-credit-megabill-senate
newspaper3k content length: 3905
bs4 content length: 4902

=== Google News (Yahoo) ===

Testing article: https://news.google.com/rss/articles/CBMi6wFBVV95cUxQcExUeVVJcjdyRldWMEVvbjRkV2Nkc0hCX1dwa01JNmNVbkNzWUhnZ2M5WUlJZUs3VG9YWE9JUXZLOWZFMFR1ekJJeU1EejE3eDRWN1RGVVVmeHdUVzZlQ0NZb0x4cFNodFYyamlJQ0RpbEhVV3EyVU1DQXF3a2JWQ3lSd29WMmk4MEdfZDNBNjdOemNrTWNMNWVxSjl4SFVsYjJiVXFHc0RtYkVHSXktMG9NTE92U2syZ0RQUVYtSEVYV25YRWg0b09FdGdtTHRwd3ZFdUN6cEN6OXpoNnRpNndZX1dhRWJaNDFr?oc=5
Google News HTTP redirect: https://news.google.com/rss/articles/CBMi6wFBVV95cUxQcExUeVVJcjdyRldWMEVvbjRkV2Nkc0hCX1dwa01JNmNVbkNzWUhnZ2M5WUlJZUs3VG9YWE9JUXZLOWZFMFR1ekJJeU1EejE3eDRWN1RGVVVmeHdUVzZlQ0NZb0x4cFNodFYyamlJQ0RpbEhVV3EyVU1DQXF3a2JWQ3lSd29WMmk4MEdfZDNBNjdOemNrTWNMNWVxSjl4SFVsYjJiVXFHc0RtYkVHSXktMG9NTE92U2syZ0RQUVYtSEVYV25YRWg0b09FdGdtTHRwd3ZFdUN6cEN6OXpoNnRpNndZX1dhRWJaNDFr?oc=5 -> https://news.google.com/rss/articles/CBMi6wFBVV95cUxQcExUeVVJcjdyRldWMEVvbjRkV2Nkc0hCX1dwa01JNmNVbkNzWUhnZ2M5WUlJZUs3VG9YWE9JUXZLOWZFMFR1ekJJeU1EejE3eDRWN1RGVVVmeHdUVzZlQ0NZb0x4cFNodFYyamlJQ0RpbEhVV3EyVU1DQXF3a2JWQ3lSd29WMmk4MEdfZDNBNjdOemNrTWNMNWVxSjl4SFVsYjJiVXFHc0RtYkVHSXktMG9NTE92U2syZ0RQUVYtSEVYV25YRWg0b09FdGdtTHRwd3ZFdUN6cEN6OXpoNnRpNndZX1dhRWJaNDFr?oc=5&hl=en-AU&gl=AU&ceid=AU:en
Final URL: https://news.google.com/rss/articles/CBMi6wFBVV95cUxQcExUeVVJcjdyRldWMEVvbjRkV2Nkc0hCX1dwa01JNmNVbkNzWUhnZ2M5WUlJZUs3VG9YWE9JUXZLOWZFMFR1ekJJeU1EejE3eDRWN1RGVVVmeHdUVzZlQ0NZb0x4cFNodFYyamlJQ0RpbEhVV3EyVU1DQXF3a2JWQ3lSd29WMmk4MEdfZDNBNjdOemNrTWNMNWVxSjl4SFVsYjJiVXFHc0RtYkVHSXktMG9NTE92U2syZ0RQUVYtSEVYV25YRWg0b09FdGdtTHRwd3ZFdUN6cEN6OXpoNnRpNndZX1dhRWJaNDFr?oc=5&hl=en-AU&gl=AU&ceid=AU:en
newspaper3k content length: 0
bs4 content length: 11

Testing article: https://news.google.com/rss/articles/CBMif0FVX3lxTE1nUGM2S3lrNHJ2MW1HRk5PUEF6RHpha1lfdU1mb0FOZHpnWDFOYXp5dnFNN0NKT0JjcnJONFF3Tzl4Y0Q4UEg5UHpPdG9oLUZnUnVsZVBfX1RQUHltR2p1eUVTUk42bWQxdVI4LVhsR0wtYTFtTm9uU1EwclZmaWc?oc=5
Google News HTTP redirect: https://news.google.com/rss/articles/CBMif0FVX3lxTE1nUGM2S3lrNHJ2MW1HRk5PUEF6RHpha1lfdU1mb0FOZHpnWDFOYXp5dnFNN0NKT0JjcnJONFF3Tzl4Y0Q4UEg5UHpPdG9oLUZnUnVsZVBfX1RQUHltR2p1eUVTUk42bWQxdVI4LVhsR0wtYTFtTm9uU1EwclZmaWc?oc=5 -> https://news.google.com/rss/articles/CBMif0FVX3lxTE1nUGM2S3lrNHJ2MW1HRk5PUEF6RHpha1lfdU1mb0FOZHpnWDFOYXp5dnFNN0NKT0JjcnJONFF3Tzl4Y0Q4UEg5UHpPdG9oLUZnUnVsZVBfX1RQUHltR2p1eUVTUk42bWQxdVI4LVhsR0wtYTFtTm9uU1EwclZmaWc?oc=5&hl=en-AU&gl=AU&ceid=AU:en
Final URL: https://news.google.com/rss/articles/CBMif0FVX3lxTE1nUGM2S3lrNHJ2MW1HRk5PUEF6RHpha1lfdU1mb0FOZHpnWDFOYXp5dnFNN0NKT0JjcnJONFF3Tzl4Y0Q4UEg5UHpPdG9oLUZnUnVsZVBfX1RQUHltR2p1eUVTUk42bWQxdVI4LVhsR0wtYTFtTm9uU1EwclZmaWc?oc=5&hl=en-AU&gl=AU&ceid=AU:en
newspaper3k content length: 0
bs4 content length: 11

=== Google News (CNBC) ===

Testing article: https://news.google.com/rss/articles/CBMiowFBVV95cUxPNFpIaHFKd0phSS1Pa3owZjI1azZSSGFNYnlvclY5Qm5udHo3Q3B0S0QyTXVzYVMwQl9zNlB2STg5Y0xBZW56ZU9pX2F5WWVqYy1UU0JtaHN6eFdqWWFnQkJtbU83NGsxejZXSkhTczRjZVM1b1h5T3B0eVFodDBRb0ozcFgxRVhYRkc4ODVuTktlZTNlTjZBdC1JTFlQYm5EOGJB?oc=5
Google News HTTP redirect: https://news.google.com/rss/articles/CBMiowFBVV95cUxPNFpIaHFKd0phSS1Pa3owZjI1azZSSGFNYnlvclY5Qm5udHo3Q3B0S0QyTXVzYVMwQl9zNlB2STg5Y0xBZW56ZU9pX2F5WWVqYy1UU0JtaHN6eFdqWWFnQkJtbU83NGsxejZXSkhTczRjZVM1b1h5T3B0eVFodDBRb0ozcFgxRVhYRkc4ODVuTktlZTNlTjZBdC1JTFlQYm5EOGJB?oc=5 -> https://news.google.com/rss/articles/CBMiowFBVV95cUxPNFpIaHFKd0phSS1Pa3owZjI1azZSSGFNYnlvclY5Qm5udHo3Q3B0S0QyTXVzYVMwQl9zNlB2STg5Y0xBZW56ZU9pX2F5WWVqYy1UU0JtaHN6eFdqWWFnQkJtbU83NGsxejZXSkhTczRjZVM1b1h5T3B0eVFodDBRb0ozcFgxRVhYRkc4ODVuTktlZTNlTjZBdC1JTFlQYm5EOGJB?oc=5&hl=en-AU&gl=AU&ceid=AU:en
Final URL: https://news.google.com/rss/articles/CBMiowFBVV95cUxPNFpIaHFKd0phSS1Pa3owZjI1azZSSGFNYnlvclY5Qm5udHo3Q3B0S0QyTXVzYVMwQl9zNlB2STg5Y0xBZW56ZU9pX2F5WWVqYy1UU0JtaHN6eFdqWWFnQkJtbU83NGsxejZXSkhTczRjZVM1b1h5T3B0eVFodDBRb0ozcFgxRVhYRkc4ODVuTktlZTNlTjZBdC1JTFlQYm5EOGJB?oc=5&hl=en-AU&gl=AU&ceid=AU:en
newspaper3k content length: 0
bs4 content length: 11

Testing article: https://news.google.com/rss/articles/CBMimwFBVV95cUxQTXdRZGZCcVFIVnJOOEd3WGVHZjc4VlIxTk9IVXdqdzVHck43UnJWVTBQOVItUUUydm95ZU9zRDBweUkyOU9xV3pEZUhvQnllRVJGQk8xd281ZkpIaXBYcDFkRG5VY1F2bDJoS2NvTlhvOFFRVHNiaFpQcmlnS3hpcXdTMU5nV0w1aWpuYUdOZUlmeWRwY01OWFFoMNIBoAFBVV95cUxPMHVUeV9ud2hDaHREZmZtTWlnd2lOYkhLbFlrVFFhcWIxWUI1RTdoVVRRVlRjZS02aGZMSVFaUXNoMXhOZFhJUVNhdmVOUnVNaXJoUHZKa0tZZE9URUNVOWdfT3c1R0dVZFlWMnlEVGpmbzN0cS0tMWFnRHMwZHFTZ2g4WnZqMEZ0S2dfS3ZvdE8zcFhCY2VTXzd5S05mckhF?oc=5
Google News HTTP redirect: https://news.google.com/rss/articles/CBMimwFBVV95cUxQTXdRZGZCcVFIVnJOOEd3WGVHZjc4VlIxTk9IVXdqdzVHck43UnJWVTBQOVItUUUydm95ZU9zRDBweUkyOU9xV3pEZUhvQnllRVJGQk8xd281ZkpIaXBYcDFkRG5VY1F2bDJoS2NvTlhvOFFRVHNiaFpQcmlnS3hpcXdTMU5nV0w1aWpuYUdOZUlmeWRwY01OWFFoMNIBoAFBVV95cUxPMHVUeV9ud2hDaHREZmZtTWlnd2lOYkhLbFlrVFFhcWIxWUI1RTdoVVRRVlRjZS02aGZMSVFaUXNoMXhOZFhJUVNhdmVOUnVNaXJoUHZKa0tZZE9URUNVOWdfT3c1R0dVZFlWMnlEVGpmbzN0cS0tMWFnRHMwZHFTZ2g4WnZqMEZ0S2dfS3ZvdE8zcFhCY2VTXzd5S05mckhF?oc=5 -> https://news.google.com/rss/articles/CBMimwFBVV95cUxQTXdRZGZCcVFIVnJOOEd3WGVHZjc4VlIxTk9IVXdqdzVHck43UnJWVTBQOVItUUUydm95ZU9zRDBweUkyOU9xV3pEZUhvQnllRVJGQk8xd281ZkpIaXBYcDFkRG5VY1F2bDJoS2NvTlhvOFFRVHNiaFpQcmlnS3hpcXdTMU5nV0w1aWpuYUdOZUlmeWRwY01OWFFoMNIBoAFBVV95cUxPMHVUeV9ud2hDaHREZmZtTWlnd2lOYkhLbFlrVFFhcWIxWUI1RTdoVVRRVlRjZS02aGZMSVFaUXNoMXhOZFhJUVNhdmVOUnVNaXJoUHZKa0tZZE9URUNVOWdfT3c1R0dVZFlWMnlEVGpmbzN0cS0tMWFnRHMwZHFTZ2g4WnZqMEZ0S2dfS3ZvdE8zcFhCY2VTXzd5S05mckhF?oc=5&hl=en-AU&gl=AU&ceid=AU:en
Final URL: https://news.google.com/rss/articles/CBMimwFBVV95cUxQTXdRZGZCcVFIVnJOOEd3WGVHZjc4VlIxTk9IVXdqdzVHck43UnJWVTBQOVItUUUydm95ZU9zRDBweUkyOU9xV3pEZUhvQnllRVJGQk8xd281ZkpIaXBYcDFkRG5VY1F2bDJoS2NvTlhvOFFRVHNiaFpQcmlnS3hpcXdTMU5nV0w1aWpuYUdOZUlmeWRwY01OWFFoMNIBoAFBVV95cUxPMHVUeV9ud2hDaHREZmZtTWlnd2lOYkhLbFlrVFFhcWIxWUI1RTdoVVRRVlRjZS02aGZMSVFaUXNoMXhOZFhJUVNhdmVOUnVNaXJoUHZKa0tZZE9URUNVOWdfT3c1R0dVZFlWMnlEVGpmbzN0cS0tMWFnRHMwZHFTZ2g4WnZqMEZ0S2dfS3ZvdE8zcFhCY2VTXzd5S05mckhF?oc=5&hl=en-AU&gl=AU&ceid=AU:en
newspaper3k content length: 0
bs4 content length: 11

=== Google News (Business) ===

Testing article: https://news.google.com/rss/articles/CBMid0FVX3lxTE8zdGl1MmxTM2JJa2pLNlFSWVhuZUd1ekRIeVpDcGVqckVJcloxaWlnRHJ3b0hqb291NXk4dlo0SmRQNlhDaGpubDh6ZWNTUHZiYVhjOVJINUxSYXE0NHRiNVE2OW51R2h4N1daaXRIdzVBR1UxT0g4?oc=5
Google News HTTP redirect: https://news.google.com/rss/articles/CBMid0FVX3lxTE8zdGl1MmxTM2JJa2pLNlFSWVhuZUd1ekRIeVpDcGVqckVJcloxaWlnRHJ3b0hqb291NXk4dlo0SmRQNlhDaGpubDh6ZWNTUHZiYVhjOVJINUxSYXE0NHRiNVE2OW51R2h4N1daaXRIdzVBR1UxT0g4?oc=5 -> https://news.google.com/rss/articles/CBMid0FVX3lxTE8zdGl1MmxTM2JJa2pLNlFSWVhuZUd1ekRIeVpDcGVqckVJcloxaWlnRHJ3b0hqb291NXk4dlo0SmRQNlhDaGpubDh6ZWNTUHZiYVhjOVJINUxSYXE0NHRiNVE2OW51R2h4N1daaXRIdzVBR1UxT0g4?oc=5&hl=en-AU&gl=AU&ceid=AU:en
Final URL: https://news.google.com/rss/articles/CBMid0FVX3lxTE8zdGl1MmxTM2JJa2pLNlFSWVhuZUd1ekRIeVpDcGVqckVJcloxaWlnRHJ3b0hqb291NXk4dlo0SmRQNlhDaGpubDh6ZWNTUHZiYVhjOVJINUxSYXE0NHRiNVE2OW51R2h4N1daaXRIdzVBR1UxT0g4?oc=5&hl=en-AU&gl=AU&ceid=AU:en
newspaper3k content length: 0
bs4 content length: 11

Testing article: https://news.google.com/rss/articles/CBMilwFBVV95cUxQZ3pVQml3eUNnd2xvam9TVWZOdFdfTmI0aWNQbUNleEdsMlFqYm9FTTB5eHpoeWtnVmlRR0U0bHdCNEpjaHlZSEJ5ZUdSMGMwRUF4T2V1X1ZzZ1F1ZTc3SEFGVzE1MkJvX3BHUEJlTHJaaTRITW1LYjVoR2g1VUc5Y3FGdzdCeDVRWWJmdGZHc2dmVmFDS2RB?oc=5
Google News HTTP redirect: https://news.google.com/rss/articles/CBMilwFBVV95cUxQZ3pVQml3eUNnd2xvam9TVWZOdFdfTmI0aWNQbUNleEdsMlFqYm9FTTB5eHpoeWtnVmlRR0U0bHdCNEpjaHlZSEJ5ZUdSMGMwRUF4T2V1X1ZzZ1F1ZTc3SEFGVzE1MkJvX3BHUEJlTHJaaTRITW1LYjVoR2g1VUc5Y3FGdzdCeDVRWWJmdGZHc2dmVmFDS2RB?oc=5 -> https://news.google.com/rss/articles/CBMilwFBVV95cUxQZ3pVQml3eUNnd2xvam9TVWZOdFdfTmI0aWNQbUNleEdsMlFqYm9FTTB5eHpoeWtnVmlRR0U0bHdCNEpjaHlZSEJ5ZUdSMGMwRUF4T2V1X1ZzZ1F1ZTc3SEFGVzE1MkJvX3BHUEJlTHJaaTRITW1LYjVoR2g1VUc5Y3FGdzdCeDVRWWJmdGZHc2dmVmFDS2RB?oc=5&hl=en-AU&gl=AU&ceid=AU:en
Final URL: https://news.google.com/rss/articles/CBMilwFBVV95cUxQZ3pVQml3eUNnd2xvam9TVWZOdFdfTmI0aWNQbUNleEdsMlFqYm9FTTB5eHpoeWtnVmlRR0U0bHdCNEpjaHlZSEJ5ZUdSMGMwRUF4T2V1X1ZzZ1F1ZTc3SEFGVzE1MkJvX3BHUEJlTHJaaTRITW1LYjVoR2g1VUc5Y3FGdzdCeDVRWWJmdGZHc2dmVmFDS2RB?oc=5&hl=en-AU&gl=AU&ceid=AU:en
newspaper3k content length: 0
bs4 content length: 11
